Build started 8/17/2010 1:42:42 PM.
     1>Project "C:\Users\Ryan\Desktop\Programming\Huffman_Compressor\Huffman_Compressor\Huffman_Compressor.vcxproj" on node 2 (build target(s)).
     1>InitializeBuildStatus:
         Creating "Debug\Huffman_Compressor.unsuccessfulbuild" because "AlwaysCreate" was specified.
       ClCompile:
         C:\Program Files\Microsoft Visual Studio 10.0\VC\bin\CL.exe /c /ZI /nologo /W3 /WX- /Od /Oy- /D _MBCS /Gm /EHsc /RTC1 /MDd /GS /fp:precise /Zc:wchar_t /Zc:forScope /Fo"Debug\\" /Fd"Debug\vc100.pdb" /Gd /TP /analyze- /errorReport:prompt HuffmanProcessor.cpp main.cpp
         HuffmanProcessor.cpp
         Generating Code...
         Compiling...
         main.cpp
         Generating Code...
       Link:
         C:\Program Files\Microsoft Visual Studio 10.0\VC\bin\link.exe /ERRORREPORT:PROMPT /OUT:"C:\Users\Ryan\Desktop\Programming\Huffman_Compressor\Debug\Huffman_Compressor.exe" /NOLOGO kernel32.lib user32.lib gdi32.lib winspool.lib comdlg32.lib advapi32.lib shell32.lib ole32.lib oleaut32.lib uuid.lib odbc32.lib odbccp32.lib /MANIFEST /ManifestFile:"Debug\Huffman_Compressor.exe.intermediate.manifest" /MANIFESTUAC:"level='asInvoker' uiAccess='false'" /DEBUG /PDB:"C:\Users\Ryan\Desktop\Programming\Huffman_Compressor\Debug\Huffman_Compressor.pdb" /TLBID:1 /DYNAMICBASE /NXCOMPAT /IMPLIB:"C:\Users\Ryan\Desktop\Programming\Huffman_Compressor\Debug\Huffman_Compressor.lib" /MACHINE:X86 Debug\HuffmanProcessor.obj
         Debug\main.obj
         LINK : C:\Users\Ryan\Desktop\Programming\Huffman_Compressor\Debug\Huffman_Compressor.exe not found or not built by the last incremental link; performing full link
         Huffman_Compressor.vcxproj -> C:\Users\Ryan\Desktop\Programming\Huffman_Compressor\Debug\Huffman_Compressor.exe
       Manifest:
         C:\Program Files\Microsoft SDKs\Windows\v7.0A\bin\mt.exe /nologo /verbose /outputresource:"C:\Users\Ryan\Desktop\Programming\Huffman_Compressor\Debug\Huffman_Compressor.exe;#1" /manifest Debug\Huffman_Compressor.exe.intermediate.manifest
       FinalizeBuildStatus:
         Deleting file "Debug\Huffman_Compressor.unsuccessfulbuild".
         Touching "Debug\Huffman_Compressor.lastbuildstate".
     1>Done Building Project "C:\Users\Ryan\Desktop\Programming\Huffman_Compressor\Huffman_Compressor\Huffman_Compressor.vcxproj" (build target(s)).

Build succeeded.

Time Elapsed 00:00:05.11
